[    0.000000] Initializing cgroup subsys cpuset
[    0.000000] Initializing cgroup subsys cpu
[    0.000000] Initializing cgroup subsys cpuacct
[    0.000000] Linux version 4.4.0-200-generic (buildd@lgw01-amd64-032) (gcc version 5.4.0 20160609 (Ubuntu 5.4.0-6ubuntu1~16.04.12) ) #232-Ubuntu SMP Wed Jan 13 10:18:39 UTC 2021 (Ubuntu 4.4.0-200.232-generic 4.4.244)
[    0.000000] Command line: BOOT_IMAGE=/boot/vmlinuz-4.4.0-200-generic root=LABEL=cloudimg-rootfs ro console=tty1 console=ttyS0
[    0.000000] KERNEL supported cpus:
[    0.000000]   Intel GenuineIntel
[    0.000000]   AMD AuthenticAMD
[    0.000000]   Centaur CentaurHauls
[    0.000000] x86/fpu: xstate_offset[2]:  576, xstate_sizes[2]:  256
[    0.000000] x86/fpu: Supporting XSAVE feature 0x01: 'x87 floating point registers'
[    0.000000] x86/fpu: Supporting XSAVE feature 0x02: 'SSE registers'
[    0.000000] x86/fpu: Supporting XSAVE feature 0x04: 'AVX registers'
[    0.000000] x86/fpu: Enabled xstate features 0x7, context size is 832 bytes, using 'standard' format.
[    0.000000] e820: BIOS-provided physical RAM map:
[    0.000000] BIOS-e820: [mem 0x0000000000000000-0x000000000009fbff] usable
[    0.000000] BIOS-e820: [mem 0x000000000009fc00-0x000000000009ffff] reserved
[    0.000000] BIOS-e820: [mem 0x00000000000f0000-0x00000000000fffff] reserved
[    0.000000] BIOS-e820: [mem 0x0000000000100000-0x000000003ffeffff] usable
[    0.000000] BIOS-e820: [mem 0x000000003fff0000-0x000000003fffffff] ACPI data
[    0.000000] BIOS-e820: [mem 0x00000000fec00000-0x00000000fec00fff] reserved
[    0.000000] BIOS-e820: [mem 0x00000000fee00000-0x00000000fee00fff] reserved
[    0.000000] BIOS-e820: [mem 0x00000000fffc0000-0x00000000ffffffff] reserved
[    0.000000] NX (Execute Disable) protection: active
[    0.000000] SMBIOS 2.5 present.
[    0.000000] Hypervisor detected: KVM
[    0.000000] e820: last_pfn = 0x3fff0 max_arch_pfn = 0x400000000
[    0.000000] MTRR: Disabled
[    0.000000] x86/PAT: MTRRs disabled, skipping PAT initialization too.
[    0.000000] CPU MTRRs all blank - virtualized system.
[    0.000000] x86/PAT: Configuration [0-7]: WB  WT  UC- UC  WB  WT  UC- UC  
[    0.000000] found SMP MP-table at [mem 0x0009fff0-0x0009ffff] mapped at [ffff88000009fff0]
[    0.000000] Scanning 1 areas for low memory corruption
[    0.000000] RAMDISK: [mem 0x362de000-0x37166fff]
[    0.000000] ACPI: Early table checksum verification disabled
[    0.000000] ACPI: RSDP 0x00000000000E0000 000024 (v02 VBOX  )
[    0.000000] ACPI: XSDT 0x000000003FFF0030 00003C (v01 VBOX   VBOXXSDT 00000001 ASL  00000061)
[    0.000000] ACPI: FACP 0x000000003FFF00F0 0000F4 (v04 VBOX   VBOXFACP 00000001 ASL  00000061)
[    0.000000] ACPI: DSDT 0x000000003FFF0470 002325 (v02 VBOX   VBOXBIOS 00000002 INTL 20181213)
[    0.000000] ACPI: FACS 0x000000003FFF0200 000040
[    0.000000] ACPI: FACS 0x000000003FFF0200 000040
[    0.000000] ACPI: APIC 0x000000003FFF0240 00005C (v02 VBOX   VBOXAPIC 00000001 ASL  00000061)
[    0.000000] ACPI: SSDT 0x000000003FFF02A0 0001CC (v01 VBOX   VBOXCPUT 00000002 INTL 20181213)
[    0.000000] No NUMA configuration found
[    0.000000] Faking a node at [mem 0x0000000000000000-0x000000003ffeffff]
[    0.000000] NODE_DATA(0) allocated [mem 0x3ffeb000-0x3ffeffff]
[    0.000000] kvm-clock: Using msrs 4b564d01 and 4b564d00
[    0.000000] kvm-clock: cpu 0, msr 0:3ffe3001, primary cpu clock
[    0.000000] kvm-clock: using sched offset of 3027926793 cycles
[    0.000000] clocksource: kvm-clock: mask: 0xffffffffffffffff max_cycles: 0x1cd42e4dffb, max_idle_ns: 881590591483 ns
[    0.000000] Zone ranges:
[    0.000000]   DMA      [mem 0x0000000000001000-0x0000000000ffffff]
[    0.000000]   DMA32    [mem 0x0000000001000000-0x000000003ffeffff]
[    0.000000]   Normal   empty
[    0.000000]   Device   empty
[    0.000000] Movable zone start for each node
[    0.000000] Early memory node ranges
[    0.000000]   node   0: [mem 0x0000000000001000-0x000000000009efff]
[    0.000000]   node   0: [mem 0x0000000000100000-0x000000003ffeffff]
[    0.000000] Initmem setup node 0 [mem 0x0000000000001000-0x000000003ffeffff]
[    0.000000] ACPI: PM-Timer IO Port: 0x4008
[    0.000000] IOAPIC[0]: apic_id 2, version 32, address 0xfec00000, GSI 0-23
[    0.000000] ACPI: INT_SRC_OVR (bus 0 bus_irq 0 global_irq 2 dfl dfl)
[    0.000000] ACPI: INT_SRC_OVR (bus 0 bus_irq 9 global_irq 9 low level)
[    0.000000] Using ACPI (MADT) for SMP configuration information
[    0.000000] smpboot: Allowing 2 CPUs, 0 hotplug CPUs
[    0.000000] PM: Registered nosave memory: [mem 0x00000000-0x00000fff]
[    0.000000] PM: Registered nosave memory: [mem 0x0009f000-0x0009ffff]
[    0.000000] PM: Registered nosave memory: [mem 0x000a0000-0x000effff]
[    0.000000] PM: Registered nosave memory: [mem 0x000f0000-0x000fffff]
[    0.000000] e820: [mem 0x40000000-0xfebfffff] available for PCI devices
[    0.000000] Booting paravirtualized kernel on KVM
[    0.000000] clocksource: refined-jiffies: mask: 0xffffffff max_cycles: 0xffffffff, max_idle_ns: 7645519600211568 ns
[    0.000000] setup_percpu: NR_CPUS:512 nr_cpumask_bits:512 nr_cpu_ids:2 nr_node_ids:1
[    0.000000] PERCPU: Embedded 33 pages/cpu @ffff88003fc00000 s95640 r8192 d31336 u1048576
[    0.000000] Built 1 zonelists in Node order, mobility grouping on.  Total pages: 257912
[    0.000000] Policy zone: DMA32
[    0.000000] Kernel command line: BOOT_IMAGE=/boot/vmlinuz-4.4.0-200-generic root=LABEL=cloudimg-rootfs ro console=tty1 console=ttyS0
[    0.000000] PID hash table entries: 4096 (order: 3, 32768 bytes)
[    0.000000] Memory: 997660K/1048120K available (8641K kernel code, 1337K rwdata, 4044K rodata, 1492K init, 1296K bss, 50460K reserved, 0K cma-reserved)
[    0.000000] SLUB: HWalign=64, Order=0-3, MinObjects=0, CPUs=2, Nodes=1
[    0.000000] Kernel/User page tables isolation: enabled
[    0.000000] Hierarchical RCU implementation.
[    0.000000] 	Build-time adjustment of leaf fanout to 64.
[    0.000000] 	RCU restricting CPUs from NR_CPUS=512 to nr_cpu_ids=2.
[    0.000000] RCU: Adjusting geometry for rcu_fanout_leaf=64, nr_cpu_ids=2
[    0.000000] NR_IRQS:33024 nr_irqs:440 16
[    0.000000] Console: colour VGA+ 80x25
[    0.000000] console [tty1] enabled
[    0.000000] console [ttyS0] enabled
[    0.000000] tsc: Detected 3499.994 MHz processor
[    0.090329] Calibrating delay loop (skipped) preset value.. 6999.98 BogoMIPS (lpj=13999976)
[    0.091439] pid_max: default: 32768 minimum: 301
[    0.092007] ACPI: Core revision 20150930
[    0.093381] ACPI: 2 ACPI AML tables successfully acquired and loaded
[    0.094218] Security Framework initialized
[    0.094722] Yama: becoming mindful.
[    0.095192] AppArmor: AppArmor initialized
[    0.095789] Dentry cache hash table entries: 131072 (order: 8, 1048576 bytes)
[    0.097085] Inode-cache hash table entries: 65536 (order: 7, 524288 bytes)
[    0.098038] Mount-cache hash table entries: 2048 (order: 2, 16384 bytes)
[    0.098961] Mountpoint-cache hash table entries: 2048 (order: 2, 16384 bytes)
[    0.099883] Initializing cgroup subsys io
[    0.100387] Initializing cgroup subsys memory
[    0.100956] Initializing cgroup subsys devices
[    0.101521] Initializing cgroup subsys freezer
[    0.102151] Initializing cgroup subsys net_cls
[    0.102886] Initializing cgroup subsys perf_event
[    0.103431] Initializing cgroup subsys net_prio
[    0.103959] Initializing cgroup subsys hugetlb
[    0.104633] Initializing cgroup subsys pids
[    0.106061] mce: CPU supports 0 MCE banks
[    0.106574] Last level iTLB entries: 4KB 1024, 2MB 1024, 4MB 1024
[    0.107226] Last level dTLB entries: 4KB 1024, 2MB 1024, 4MB 1024, 1GB 4
[    0.108006] Spectre V1 : Mitigation: usercopy/swapgs barriers and __user pointer sanitization
[    0.109035] Spectre V2 : Mitigation: Full generic retpoline
[    0.109809] Spectre V2 : Spectre v2 / SpectreRSB mitigation: Filling RSB on context switch
[    0.110763] Speculative Store Bypass: Vulnerable
[    0.111511] SRBDS: Unknown: Dependent on hypervisor status
[    0.112182] MDS: Vulnerable: Clear CPU buffers attempted, no microcode
[    0.114858] Freeing SMP alternatives memory: 36K
[    0.120268] ftrace: allocating 32360 entries in 127 pages
[    0.164960] smpboot: APIC(0) Converting physical 0 to logical package 0
[    0.165748] smpboot: Max logical packages: 1
[    0.166428] x2apic enabled
[    0.166974] Switched APIC routing to physical x2apic.
[    0.168499] ..TIMER: vector=0x30 apic1=0 pin1=2 apic2=-1 pin2=-1
[    0.277265] smpboot: CPU0: Intel(R) Core(TM) i7-4770K CPU @ 3.50GHz (family: 0x6, model: 0x3c, stepping: 0x3)
[    0.278531] Performance Events: unsupported p6 CPU model 60 no PMU driver, software events only.
[    0.288309] KVM setup paravirtual spinlock
[    0.289624] x86: Booting SMP configuration:
[    0.290135] .... node  #0, CPUs:      #1
[    0.290694] kvm-clock: cpu 1, msr 0:3ffe3041, secondary cpu clock
[    0.291948] mce: CPU supports 0 MCE banks
[    0.294246] x86: Booted up 1 node, 2 CPUs
[    0.294915] smpboot: Total of 2 processors activated (13999.97 BogoMIPS)
[    0.295916] devtmpfs: initialized
[    0.298100] evm: security.selinux
[    0.298567] evm: security.SMACK64
[    0.299168] evm: security.SMACK64EXEC
[    0.299670] evm: security.SMACK64TRANSMUTE
[    0.300178] evm: security.SMACK64MMAP
[    0.300649] evm: security.ima
[    0.301101] evm: security.capability
[    0.302128] clocksource: jiffies: mask: 0xffffffff max_cycles: 0xffffffff, max_idle_ns: 7645041785100000 ns
[    0.304161] futex hash table entries: 512 (order: 3, 32768 bytes)
[    0.305256] pinctrl core: initialized pinctrl subsystem
[    0.305970] RTC time:  1:40:55, date: 01/21/21
[    0.306674] NET: Registered protocol family 16
[    0.317626] cpuidle: using governor ladder
[    0.329763] cpuidle: using governor menu
[    0.330339] PCCT header not found.
[    0.330930] ACPI: bus type PCI registered
[    0.331488] acpiphp: ACPI Hot Plug PCI Controller Driver version: 0.5
[    0.332373] PCI: Using configuration type 1 for base access
[    0.346567] ACPI: Added _OSI(Module Device)
[    0.347371] ACPI: Added _OSI(Processor Device)
[    0.348065] ACPI: Added _OSI(3.0 _SCP Extensions)
[    0.348833] ACPI: Added _OSI(Processor Aggregator Device)
[    0.350092] ACPI: Executed 1 blocks of module-level executable AML code
[    0.352606] ACPI: Interpreter enabled
[    0.353191] ACPI: (supports S0 S5)
[    0.353680] ACPI: Using IOAPIC for interrupt routing
[    0.354567] PCI: Using host bridge windows from ACPI; if necessary, use "pci=nocrs" and report a bug
[    0.358825] ACPI: PCI Root Bridge [PCI0] (domain 0000 [bus 00-ff])
[    0.359761] acpi PNP0A03:00: _OSC: OS supports [ASPM ClockPM Segments MSI]
[    0.360759] acpi PNP0A03:00: _OSC: not requesting OS control; OS requires [ExtendedConfig ASPM ClockPM MSI]
[    0.362082] acpi PNP0A03:00: fail to add MMCONFIG information, can't access extended PCI configuration space under this bridge.
[    0.363873] PCI host bridge to bus 0000:00
[    0.364535] pci_bus 0000:00: root bus resource [io  0x0000-0x0cf7 window]
[    0.365963] pci_bus 0000:00: root bus resource [io  0x0d00-0xffff window]
[    0.367378] pci_bus 0000:00: root bus resource [mem 0x000a0000-0x000bffff window]
[    0.369038] pci_bus 0000:00: root bus resource [mem 0x40000000-0xfdffffff window]
[    0.370030] pci_bus 0000:00: root bus resource [bus 00-ff]
[    0.371693] pci 0000:00:01.1: legacy IDE quirk: reg 0x10: [io  0x01f0-0x01f7]
[    0.372537] pci 0000:00:01.1: legacy IDE quirk: reg 0x14: [io  0x03f6]
[    0.373286] pci 0000:00:01.1: legacy IDE quirk: reg 0x18: [io  0x0170-0x0177]
[    0.381241] pci 0000:00:01.1: legacy IDE quirk: reg 0x1c: [io  0x0376]
[    0.396769] pci 0000:00:07.0: quirk: [io  0x4000-0x403f] claimed by PIIX4 ACPI
[    0.397828] pci 0000:00:07.0: quirk: [io  0x4100-0x410f] claimed by PIIX4 SMB
[    0.402779] ACPI: PCI Interrupt Link [LNKA] (IRQs 5 9 10 *11)
[    0.403929] ACPI: PCI Interrupt Link [LNKB] (IRQs 5 9 *10 11)
[    0.405030] ACPI: PCI Interrupt Link [LNKC] (IRQs 5 *9 10 11)
[    0.406096] ACPI: PCI Interrupt Link [LNKD] (IRQs 5 9 10 *11)
[    0.407153] ACPI: Enabled 2 GPEs in block 00 to 07
[    0.408158] vgaarb: setting as boot device: PCI:0000:00:02.0
[    0.408899] vgaarb: device added: PCI:0000:00:02.0,decodes=io+mem,owns=io+mem,locks=none
[    0.410231] vgaarb: loaded
[    0.410685] vgaarb: bridge control possible 0000:00:02.0
[    0.411772] SCSI subsystem initialized
[    0.412526] ACPI: bus type USB registered
[    0.413232] usbcore: registered new interface driver usbfs
[    0.414056] usbcore: registered new interface driver hub
[    0.414861] usbcore: registered new device driver usb
[    0.415783] PCI: Using ACPI for IRQ routing
[    0.417036] NetLabel: Initializing
[    0.417541] NetLabel:  domain hash size = 128
[    0.418132] NetLabel:  protocols = UNLABELED CIPSOv4
[    0.418782] NetLabel:  unlabeled traffic allowed by default
[    0.419573] amd_nb: Cannot enumerate AMD northbridges
[    0.420265] clocksource: Switched to clocksource kvm-clock
[    0.426679] AppArmor: AppArmor Filesystem Enabled
[    0.427325] pnp: PnP ACPI init
[    0.428262] pnp: PnP ACPI: found 3 devices
[    0.436411] clocksource: acpi_pm: mask: 0xffffff max_cycles: 0xffffff, max_idle_ns: 2085701024 ns
[    0.437529] NET: Registered protocol family 2
[    0.438203] TCP established hash table entries: 8192 (order: 4, 65536 bytes)
[    0.439059] TCP bind hash table entries: 8192 (order: 5, 131072 bytes)
[    0.439871] TCP: Hash tables configured (established 8192 bind 8192)
[    0.440608] UDP hash table entries: 512 (order: 2, 16384 bytes)
[    0.441326] UDP-Lite hash table entries: 512 (order: 2, 16384 bytes)
[    0.442027] NET: Registered protocol family 1
[    0.442557] pci 0000:00:00.0: Limiting direct PCI/PCI transfers
[    0.443312] pci 0000:00:01.0: Activating ISA DMA hang workarounds
[    0.444052] Unpacking initramfs...
[    0.609127] Freeing initrd memory: 14884K
[    0.609873] RAPL PMU detected, API unit is 2^-32 Joules, 4 fixed counters 10737418240 ms ovfl timer
[    0.611046] hw unit of domain pp0-core 2^-0 Joules
[    0.611673] hw unit of domain package 2^-0 Joules
[    0.612289] hw unit of domain dram 2^-0 Joules
[    0.612940] hw unit of domain pp1-gpu 2^-0 Joules
[    0.613575] clocksource: tsc: mask: 0xffffffffffffffff max_cycles: 0x32734b4358f, max_idle_ns: 440795367814 ns
[    0.614898] platform rtc_cmos: registered platform RTC device (no PNP device found)
[    0.615957] Scanning for low memory corruption every 60 seconds
[    0.617059] audit: initializing netlink subsys (disabled)
[    0.617885] audit: type=2000 audit(1611193259.939:1): initialized
[    0.618738] Initialise system trusted keyring
[    0.619398] HugeTLB registered 2 MB page size, pre-allocated 0 pages
[    0.621134] zbud: loaded
[    0.622197] VFS: Disk quotas dquot_6.6.0
[    0.623180] VFS: Dquot-cache hash table entries: 512 (order 0, 4096 bytes)
[    0.624802] squashfs: version 4.0 (2009/01/31) Phillip Lougher
[    0.625908] fuse init (API version 7.23)
[    0.626640] Key type big_key registered
[    0.627229] Allocating IMA MOK and blacklist keyrings.
[    0.628517] Key type asymmetric registered
[    0.629129] Asymmetric key parser 'x509' registered
[    0.629813] Block layer SCSI generic (bsg) driver version 0.4 loaded (major 249)
[    0.630890] io scheduler noop registered
[    0.631458] io scheduler deadline registered (default)
[    0.632135] io scheduler cfq registered
[    0.632730] pci_hotplug: PCI Hot Plug PCI Core version: 0.5
[    0.633392] pciehp: PCI Express Hot Plug Controller Driver version: 0.4
[    0.634181] ACPI: AC Adapter [AC] (on-line)
[    0.634728] input: Power Button as /devices/LNXSYSTM:00/LNXPWRBN:00/input/input0
[    0.635625] ACPI: Power Button [PWRF]
[    0.636265] input: Sleep Button as /devices/LNXSYSTM:00/LNXSLPBN:00/input/input1
[    0.637384] ACPI: Sleep Button [SLPF]
[    0.638066] GHES: HEST is not enabled!
[    0.638658] Serial: 8250/16550 driver, 32 ports, IRQ sharing enabled
[    0.659825] 00:02: ttyS0 at I/O 0x3f8 (irq = 4, base_baud = 115200) is a 16550A
[    0.661904] Linux agpgart interface v0.103
[    0.663673] loop: module loaded
[    0.664876] scsi host0: ata_piix
[    0.665513] scsi host1: ata_piix
[    0.666021] ata1: PATA max UDMA/33 cmd 0x1f0 ctl 0x3f6 bmdma 0xd000 irq 14
[    0.666853] ata2: PATA max UDMA/33 cmd 0x170 ctl 0x376 bmdma 0xd008 irq 15
[    0.667756] libphy: Fixed MDIO Bus: probed
[    0.668332] tun: Universal TUN/TAP device driver, 1.6
[    0.669062] tun: (C) 1999-2004 Max Krasnyansky <maxk@qualcomm.com>
[    0.669890] PPP generic driver version 2.4.2
[    0.670578] ehci_hcd: USB 2.0 'Enhanced' Host Controller (EHCI) Driver
[    0.671384] ehci-pci: EHCI PCI platform driver
[    0.671994] ehci-platform: EHCI generic platform driver
[    0.672700] ohci_hcd: USB 1.1 'Open' Host Controller (OHCI) Driver
[    0.673718] ohci-pci: OHCI PCI platform driver
[    0.674351] ohci-platform: OHCI generic platform driver
[    0.675069] uhci_hcd: USB Universal Host Controller Interface driver
[    0.675818] i8042: PNP: PS/2 Controller [PNP0303:PS2K,PNP0f03:PS2M] at 0x60,0x64 irq 1,12
[    0.677441] serio: i8042 KBD port at 0x60,0x64 irq 1
[    0.678025] serio: i8042 AUX port at 0x60,0x64 irq 12
[    0.678681] mousedev: PS/2 mouse device common for all mice
[    0.679643] rtc_cmos rtc_cmos: rtc core: registered rtc_cmos as rtc0
[    0.680437] rtc_cmos rtc_cmos: alarms up to one day, 114 bytes nvram
[    0.681362] i2c /dev entries driver
[    0.681988] input: AT Translated Set 2 keyboard as /devices/platform/i8042/serio0/input/input2
[    0.683481] device-mapper: uevent: version 1.0.3
[    0.684089] device-mapper: ioctl: 4.34.0-ioctl (2015-10-28) initialised: dm-devel@redhat.com
[    0.685202] ledtrig-cpu: registered to indicate activity on CPUs
[    0.686242] NET: Registered protocol family 10
[    0.686994] NET: Registered protocol family 17
[    0.687537] Key type dns_resolver registered
[    0.688229] registered taskstats version 1
[    0.688797] Loading compiled-in X.509 certificates
[    0.689882] Loaded X.509 cert 'Build time autogenerated kernel key: d37465c24ef3fae6c7088e8c56d8ac7755b77486'
[    0.691033] zswap: loaded using pool lzo/zbud
[    0.693270] Key type trusted registered
[    0.696125] Key type encrypted registered
[    0.696688] AppArmor: AppArmor sha1 policy hashing enabled
[    0.697363] ima: No TPM chip found, activating TPM-bypass!
[    0.698028] ima: Allocated hash algorithm: sha1
[    0.698618] evm: HMAC attrs: 0x1
[    0.699284]   Magic number: 5:781:660
[    0.699899] rtc_cmos rtc_cmos: setting system clock to 2021-01-21 01:40:55 UTC (1611193255)
[    0.701171] BIOS EDD facility v0.16 2004-Jun-25, 0 devices found
[    0.701932] EDD information not available.
[    0.986501] Freeing unused kernel memory: 1492K
[    0.987194] Write protecting the kernel read-only data: 14336k
[    0.988283] Freeing unused kernel memory: 1588K
[    0.989025] Freeing unused kernel memory: 52K
Loading, please wait...
starting version 229
[    1.001199] random: systemd-udevd: uninitialized urandom read (16 bytes read, 2 bits of entropy available)
[    1.001745] random: udevadm: uninitialized urandom read (16 bytes read, 2 bits of entropy available)
[    1.001762] random: udevadm: uninitialized urandom read (16 bytes read, 2 bits of entropy available)
[    1.005276] random: systemd-udevd: uninitialized urandom read (16 bytes read, 2 bits of entropy available)
[    1.006563] random: systemd-udevd: uninitialized urandom read (16 bytes read, 2 bits of entropy available)
[    1.007837] random: systemd-udevd: uninitialized urandom read (16 bytes read, 2 bits of entropy available)
[    1.008181] random: udevadm: uninitialized urandom read (16 bytes read, 2 bits of entropy available)
[    1.008215] random: udevadm: uninitialized urandom read (16 bytes read, 2 bits of entropy available)
[    1.008391] random: udevadm: uninitialized urandom read (16 bytes read, 2 bits of entropy available)
[    1.008430] random: udevadm: uninitialized urandom read (16 bytes read, 2 bits of entropy available)
[    1.048397] e1000: Intel(R) PRO/1000 Network Driver - version 7.3.21-k8-NAPI
[    1.049452] e1000: Copyright (c) 1999-2006 Intel Corporation.
[    1.054107] Fusion MPT base driver 3.04.20
[    1.054702] Copyright (c) 1999-2008 LSI Corporation
[    1.058810] Fusion MPT SPI Host driver 3.04.20
[    1.070547] AVX2 version of gcm_enc/dec engaged.
[    1.071148] AES CTR mode by8 optimization enabled
[    1.253281] input: ImExPS/2 Generic Explorer Mouse as /devices/platform/i8042/serio1/input/input4
[    1.384749] e1000 0000:00:03.0 eth0: (PCI:33MHz:32-bit) 02:95:c5:cf:8a:88
[    1.386075] e1000 0000:00:03.0 eth0: Intel(R) PRO/1000 Network Connection
[    1.388445] mptbase: ioc0: Initiating bringup
[    1.388491] e1000 0000:00:03.0 enp0s3: renamed from eth0
[    1.460501] ioc0: LSI53C1030 A0: Capabilities={Initiator}
[    1.623768] scsi host2: ioc0: LSI53C1030 A0, FwRev=00000000h, Ports=1, MaxQ=256, IRQ=20
[    1.737487] scsi 2:0:0:0: Direct-Access     VBOX     HARDDISK         1.0  PQ: 0 ANSI: 5
[    1.743099] scsi target2:0:0: Beginning Domain Validation
[    1.745923] scsi target2:0:0: Domain Validation skipping write tests
[    1.746714] scsi target2:0:0: Ending Domain Validation
[    1.747414] scsi target2:0:0: asynchronous
[    1.756083] scsi 2:0:1:0: Direct-Access     VBOX     HARDDISK         1.0  PQ: 0 ANSI: 5
[    1.757098] scsi target2:0:1: Beginning Domain Validation
[    1.758255] scsi target2:0:1: Domain Validation skipping write tests
[    1.758954] scsi target2:0:1: Ending Domain Validation
[    1.759597] scsi target2:0:1: asynchronous
[    1.762951] sd 2:0:0:0: [sda] 20971520 512-byte logical blocks: (10.7 GB/10.0 GiB)
[    1.764049] sd 2:0:0:0: Attached scsi generic sg0 type 0
[    1.765074] sd 2:0:0:0: [sda] Write Protect is off
[    1.765748] sd 2:0:1:0: [sdb] 20480 512-byte logical blocks: (10.5 MB/10.0 MiB)
[    1.766815] sd 2:0:1:0: Attached scsi generic sg1 type 0
[    1.767609] sd 2:0:0:0: [sda] Incomplete mode parameter data
[    1.768340] sd 2:0:0:0: [sda] Assuming drive cache: write through
[    1.769200] sd 2:0:1:0: [sdb] Write Protect is off
[    1.769977] sd 2:0:1:0: [sdb] Incomplete mode parameter data
[    1.770701] sd 2:0:1:0: [sdb] Assuming drive cache: write through
[    1.774956]  sda: sda1
[    1.775742] sd 2:0:0:0: [sda] Attached SCSI disk
[    1.776930] sd 2:0:1:0: [sdb] Attached SCSI disk
Begin: Loading essential drivers ... [    3.028763] md: linear personality registered for level -1
[    3.031522] md: multipath personality registered for level -4
[    3.034344] md: raid0 personality registered for level 0
[    3.037730] md: raid1 personality registered for level 1
[    3.108299] raid6: sse2x1   gen() 11493 MB/s
[    3.176334] raid6: sse2x1   xor()  9160 MB/s
[    3.244309] raid6: sse2x2   gen() 14309 MB/s
[    3.312322] raid6: sse2x2   xor()  9915 MB/s
[    3.380302] raid6: sse2x4   gen() 17089 MB/s
[    3.448305] raid6: sse2x4   xor() 11991 MB/s
[    3.516313] raid6: avx2x1   gen() 22134 MB/s
[    3.584338] raid6: avx2x2   gen() 25864 MB/s
[    3.652295] raid6: avx2x4   gen() 27434 MB/s
[    3.652865] raid6: using algorithm avx2x4 gen() 27434 MB/s
[    3.653509] raid6: using avx2x2 recovery algorithm
[    3.655185] xor: automatically using best checksumming function:
[    3.764968]    avx       : 125945.000 MB/sec
[    3.768643] async_tx: api initialized (async)
[    3.776451] md: raid6 personality registered for level 6
[    3.777127] md: raid5 personality registered for level 5
[    3.777772] md: raid4 personality registered for level 4
[    3.783194] md: raid10 personality registered for level 10
done.
Begin: Running /scripts/init-premount ... done.
Begin: Mounting root file system ... Begin: Running /scripts/local-top ... done.
Begin: Running /scripts/local-premount ... [    3.809248] Btrfs loaded
Scanning for Btrfs filesystems
done.
Warning: fsck not present, so skipping root file system
[    3.843973] EXT4-fs (sda1): mounted filesystem with ordered data mode. Opts: (null)
done.
Begin: Running /scripts/local-bottom ... done.
Begin: Running /scripts/init-bottom ... done.
[    3.955933] systemd[1]: systemd 229 running in system mode. (+PAM +AUDIT +SELINUX +IMA +APPARMOR +SMACK +SYSVINIT +UTMP +LIBCRYPTSETUP +GCRYPT +GNUTLS +ACL +XZ -LZ4 +SECCOMP +BLKID +ELFUTILS +KMOD -IDN)
[    3.958666] systemd[1]: Detected virtualization oracle.
[    3.959523] systemd[1]: Detected architecture x86-64.

Welcome to [1mUbuntu 16.04.7 LTS[0m!

[    3.963575] systemd[1]: Set hostname to <ubuntu>.
[    3.968417] systemd[1]: Initializing machine ID from random generator.
[    3.969559] systemd[1]: Installed transient /etc/machine-id file.
[    4.095597] systemd[1]: Reached target User and Group Name Lookups.
[[0;32m  OK  [0m] Reached target User and Group Name Lookups.
[    4.097679] systemd[1]: Listening on LVM2 poll daemon socket.
[[0;32m  OK  [0m] Listening on LVM2 poll daemon socket.
[    4.099581] systemd[1]: Listening on Journal Socket (/dev/log).
[[0;32m  OK  [0m] Listening on Journal Socket (/dev/log).
[    4.101673] systemd[1]: Set up automount Arbitrary Executable File Formats File System Automount Point.
[[0;32m  OK  [0m] Set up automount Arbitrary Executab...ats File System Automount Point.
[    4.104438] systemd[1]: Listening on Journal Socket.
[[0;32m  OK  [0m] Listening on Journal Socket.
[    4.106283] systemd[1]: Created slice System Slice.
[[0;32m  OK  [0m] Created slice System Slice.
[    4.124485] systemd[1]: Starting Set console keymap...
         Starting Set console keymap...
[    4.128727] systemd[1]: Starting Load Kernel Modules...
         Starting Load Kernel Modules...
[    4.131323] systemd[1]: Mounting Debug File System...
         Mounting Debug File System...
[    4.133899] systemd[1]: Starting Remount Root and Kernel File Systems...
         Starting Remount Root and Kernel File Systems...
[    4.136514] systemd[1]: Reached target Encrypted Volumes.
[[0;32m  OK  [0m] Reached target Encrypted Volumes.
[    4.139737] EXT4-fs (sda1): re-mounted. Opts: (null)
[    4.140936] systemd[1]: Starting Uncomplicated firewall...
         Starting Uncomplicated firewall...
[    4.142336] systemd[1]: Listening on LVM2 metadata daemon socket.
[[0;32m  OK  [0m] Listening on LVM2 metadata daemon socket.
[    4.144119] systemd[1]: Created slice system-serial\x2dgetty.slice.
[[0;32m  OK  [0m] Created slice system-serial\x2dgetty.slice.
[    4.145902] systemd[1]: Created slice User and Session Slice.
[    4.146929] Loading iSCSI transport class v2.0-870.
[[0;32m  OK  [0m] Created slice User and Session Slice.
[    4.148114] systemd[1]: Reached target System Time Synchronized.
[[0;32m  OK  [0m] Reached target System Time Synchronized.
[    4.150230] systemd[1]: Starting Nameserver information manager...
         Starting Nameserver information manager...
[    4.153320] systemd[1]: Mounting Huge Pages File System...
         Mounting Huge Pages File System...
[    4.154554] systemd[1]: Started Forward Password Requests to Wall Directory Watch.
[[0;32m  OK  [0m] Started Forward Password Requests to Wall Directory Watch.
[    4.156717] systemd[1]: Starting Create list of required static device nodes for the current kernel...
         Starting Create list of required st... nodes for the current kernel...
[    4.158739] systemd[1]: Listening on Syslog Socket.
[[0;32m  OK  [0m] Listening on Syslog Socket.
[    4.160088] systemd[1]: Listening on udev Control Socket.
[[0;32m  OK  [0m] Listening on udev Control Socket.
[    4.161474] systemd[1]: Listening on Device-mapper event daemon FIFOs.
[[0;32m  OK  [0m] Listening on Device-mapper event daemon FIFOs.
[    4.163589] systemd[1]: Starting Monitoring of LVM2 mirrors, snapshots etc. using dmeventd or progress polling...
[    4.165226] iscsi: registered transport (tcp)
         Starting Monitoring of LVM2 mirrors... dmeventd or progress polling...
[    4.167295] systemd[1]: Mounting POSIX Message Queue File System...
         Mounting POSIX Message Queue File System...
[    4.168626] systemd[1]: Reached target Slices.
[[0;32m  OK  [0m] Reached target Slices.
[    4.169793] systemd[1]: Reached target Swap.
[[0;32m  OK  [0m] Reached target Swap.
[    4.172700] systemd[1]: Listening on udev Kernel Socket.
[[0;32m  OK  [0m] Listening on udev Kernel Socket.
[    4.174046] systemd[1]: Started Trigger resolvconf update for networkd DNS.
[[0;32m  OK  [0m] Started Trigger resolvconf update for networkd DNS.
[    4.175660] systemd[1]: Listening on /dev/initctl Compatibility Named Pipe.
[[0;32m  OK  [0m] Listening on /dev/initctl Compatibility Named Pipe.
[    4.177248] systemd[1]: Listening on Journal Audit Socket.
[[0;32m  OK  [0m] Listening on Journal Audit Socket.
[    4.181906] systemd[1]: Starting Journal Service...
         Starting Journal Service...
[    4.185689] systemd[1]: Mounted Debug File System.
[[0;32m  OK  [0m] Mounted Debug File System.
[    4.187149] systemd[1]: Mounted Huge Pages File System.
[[0;32m  OK  [0m] Mounted Huge Pages File System.
[    4.188526] systemd[1]: Mounted POSIX Message Queue File System.
[[0;32m  OK  [0m] Mounted POSIX Message Queue File System.
[    4.190544] systemd[1]: Started Set console keymap.
[[0;32m  OK  [0m] Started Set console keymap.
[    4.192844] systemd[1]: Started Remount Root and Kernel File Systems.
[[0;32m  OK  [0m] Started Remount Root and Kernel File Systems.
[    4.195079] systemd[1]: Started Uncomplicated firewall.
[[0;32m  OK  [0m] Started Uncomplicated firewall.
[    4.197758] systemd[1]: Started Create list of required static device nodes for the current kernel.
[[0;32m  OK  [0m] Started Create list of required sta...ce nodes for the current kernel.
[    4.202102] systemd[1]: Started LVM2 metadata daemon.
[[0;32m  OK  [0m] Started LVM2 metadata daemon.
[    4.204235] systemd[1]: Starting Create Static Device Nodes in /dev...
         Starting Create Static Device Nodes in /dev...
[    4.207027] systemd[1]: Starting udev Coldplug all Devices...
         Starting udev Coldplug all Devices...
[    4.209248] systemd[1]: Starting Load/Save Random Seed...
         Starting Load/Save Random Seed...
[    4.211673] systemd[1]: Started Journal Service.
[[0;32m  OK  [0m] Started Journal Service.
[[0;32m  OK  [0m] Started Nameserver information manager.
[[0;32m  OK  [0m] Started Load/Save Random Seed.
         Starting Flush Journal to Persistent Storage...
[    4.223479] iscsi: registered transport (iser)
[    4.225793] systemd-journald[406]: Received request to flush runtime journal from PID 1
[[0;32m  OK  [0m] Started Load Kernel Modules.
         Mounting FUSE Control File System...
         Starting Apply Kernel Variables...
[[0;32m  OK  [0m] Mounted FUSE Control File System.
[[0;32m  OK  [0m] Started Flush Journal to Persistent Storage.
[[0;32m  OK  [0m] Started Apply Kernel Variables.
[[0;32m  OK  [0m] Started Create Static Device Nodes in /dev.
         Starting udev Kernel Device Manager...
[[0;32m  OK  [0m] Started udev Coldplug all Devices.
[[0;32m  OK  [0m] Started udev Kernel Device Manager.
[[0;32m  OK  [0m] Started Dispatch Password Requests to Console Directory Watch.
[[0;32m  OK  [0m] Found device /dev/ttyS0.
[[0;32m  OK  [0m] Listening on Load/Save RF Kill Switch Status /dev/rfkill Watch.
[[0;32m  OK  [0m] Started Monitoring of LVM2 mirrors,...ng dmeventd or progress polling.
[[0;32m  OK  [0m] Reached target Local File Systems (Pre).
[[0;32m  OK  [0m] Reached target Local File Systems.
         Starting Create Volatile Files and Directories...
         Starting Tell Plymouth To Write Out Runtime Data...
         Starting Initial cloud-init job (pre-networking)...
         Starting Set console font and keymap...
         Starting LSB: AppArmor initialization...
         Starting Commit a transient machine-id on disk...
[[0;32m  OK  [0m] Started Create Volatile Files and Directories.
[[0;32m  OK  [0m] Started Tell Plymouth To Write Out Runtime Data.
[[0;32m  OK  [0m] Started Commit a transient machine-id on disk.
         Starting Update UTMP about System Boot/Shutdown...
[[0;32m  OK  [0m] Started Update UTMP about System Boot/Shutdown.
[[0;32m  OK  [0m] Started Set console font and keymap.
[[0;32m  OK  [0m] Created slice system-getty.slice.
[[0;32m  OK  [0m] Started LSB: AppArmor initialization.
         Starting Load AppArmor profiles managed internally by snapd...
[[0;32m  OK  [0m] Started Load AppArmor profiles managed internally by snapd.
[    5.520960] cloud-init[612]: Cloud-init v. 20.4.1-0ubuntu1~16.04.1 running 'init-local' at Thu, 21 Jan 2021 01:41:00 +0000. Up 5.27 seconds.
[[0;32m  OK  [0m] Started Initial cloud-init job (pre-networking).
[[0;32m  OK  [0m] Reached target Network (Pre).
         Starting Raise network interfaces...
[[0;32m  OK  [0m] Started Raise network interfaces.
[[0;32m  OK  [0m] Reached target Network.
         Starting Initial cloud-init job (metadata service crawler)...
[    7.170392] cloud-init[952]: Cloud-init v. 20.4.1-0ubuntu1~16.04.1 running 'init' at Thu, 21 Jan 2021 01:41:00 +0000. Up 5.99 seconds.
[    7.171749] cloud-init[952]: ci-info: ++++++++++++++++++++++++++++++++++++++Net device info++++++++++++++++++++++++++++++++++++++
[    7.173107] cloud-init[952]: ci-info: +--------+------+----------------------------+---------------+--------+-------------------+
[    7.174378] cloud-init[952]: ci-info: | Device |  Up  |          Address           |      Mask     | Scope  |     Hw-Address    |
[    7.175785] cloud-init[952]: ci-info: +--------+------+----------------------------+---------------+--------+-------------------+
[    7.177013] cloud-init[952]: ci-info: | enp0s3 | True |         10.0.2.15          | 255.255.255.0 | global | 02:95:c5:cf:8a:88 |
[    7.177947] cloud-init[952]: ci-info: | enp0s3 | True | fe80::95:c5ff:fecf:8a88/64 |       .       |  link  | 02:95:c5:cf:8a:88 |
[    7.178875] cloud-init[952]: ci-info: |   lo   | True |         127.0.0.1          |   255.0.0.0   |  host  |         .         |
[    7.179816] cloud-init[952]: ci-info: |   lo   | True |          ::1/128           |       .       |  host  |         .         |
[    7.180855] cloud-init[952]: ci-info: +--------+------+----------------------------+---------------+--------+-------------------+
[    7.181797] cloud-init[952]: ci-info: +++++++++++++++++++++++++++Route IPv4 info++++++++++++++++++++++++++++
[    7.182638] cloud-init[952]: ci-info: +-------+-------------+----------+---------------+-----------+-------+
[    7.183474] cloud-init[952]: ci-info: | Route | Destination | Gateway  |    Genmask    | Interface | Flags |
[    7.184395] cloud-init[952]: ci-info: +-------+-------------+----------+---------------+-----------+-------+
[    7.185206] cloud-init[952]: ci-info: |   0   |   0.0.0.0   | 10.0.2.2 |    0.0.0.0    |   enp0s3  |   UG  |
[    7.186055] cloud-init[952]: ci-info: |   1   |   10.0.2.0  | 0.0.0.0  | 255.255.255.0 |   enp0s3  |   U   |
[    7.186895] cloud-init[952]: ci-info: +-------+-------------+----------+---------------+-----------+-------+
[    7.187733] cloud-init[952]: ci-info: +++++++++++++++++++Route IPv6 info+++++++++++++++++++
[    7.188489] cloud-init[952]: ci-info: +-------+-------------+---------+-----------+-------+
[    7.189249] cloud-init[952]: ci-info: | Route | Destination | Gateway | Interface | Flags |
[    7.190016] cloud-init[952]: ci-info: +-------+-------------+---------+-----------+-------+
[    7.192283] cloud-init[952]: ci-info: |   0   |  fe80::/64  |    ::   |   enp0s3  |   U   |
[    7.193275] cloud-init[952]: ci-info: |   3   |   ff00::/8  |    ::   |   enp0s3  |   U   |
[    7.194169] cloud-init[952]: ci-info: +-------+-------------+---------+-----------+-------+
[    7.194976] cloud-init[952]: Generating public/private rsa key pair.
[    7.195664] cloud-init[952]: Your identification has been saved in /etc/ssh/ssh_host_rsa_key.
[    7.196451] cloud-init[952]: Your public key has been saved in /etc/ssh/ssh_host_rsa_key.pub.
[    7.197394] cloud-init[952]: The key fingerprint is:
[    7.200873] cloud-init[952]: SHA256:TMa8su3YqRKDY2My3NAdSzhjmjs1l5Jj/SF94E56AmY root@ubuntu-xenial
[    7.201663] cloud-init[952]: The key's randomart image is:
[    7.202251] cloud-init[952]: +---[RSA 2048]----+
[    7.202970] cloud-init[952]: |    .            |
[    7.203570] cloud-init[952]: |   = o +         |
[    7.204176] cloud-init[952]: |  = B * *        |
[    7.204820] cloud-init[952]: | + E B O o       |
[    7.205352] cloud-init[952]: |. O.* B S        |
[    7.205883] cloud-init[952]: |o+*.oo B         |
[    7.206421] cloud-init[952]: | =.o o+ .        |
[    7.207026] cloud-init[952]: |    .  + .       |
[    7.207573] cloud-init[952]: |     .o.+        |
[    7.208112] cloud-init[952]: +----[SHA256]-----+
[    7.208724] cloud-init[952]: Generating public/private dsa key pair.
[    7.212494] cloud-init[952]: Your identification has been saved in /etc/ssh/ssh_host_dsa_key.
[    7.213312] cloud-init[952]: Your public key has been saved in /etc/ssh/ssh_host_dsa_key.pub.
[    7.214076] cloud-init[952]: The key fingerprint is:
[    7.214643] cloud-init[952]: SHA256:EX74Halcbc73Wk2tN9glNib9soFRO/6PXwOh+tbK8E4 root@ubuntu-xenial
[    7.215433] cloud-init[952]: The key's randomart image is:
[    7.216018] cloud-init[952]: +---[DSA 1024]----+
[    7.216584] cloud-init[952]: |        .        |
[    7.217213] cloud-init[952]: |       . o   o   |
[    7.217745] cloud-init[952]: |        + . +.+  |
[    7.224578] cloud-init[952]: |         = +.B...|
[    7.225279] cloud-init[952]: |        S +.+.@ =|
[    7.225866] cloud-init[952]: |          .  B+O+|
[    7.226501] cloud-init[952]: |         o Eo.=+B|
[    7.227070] cloud-init[952]: |          *. . X+|
[    7.227646] cloud-init[952]: |          o*. +.=|
[    7.228230] cloud-init[952]: +----[SHA256]-----+
[    7.228848] cloud-init[952]: Generating public/private ecdsa key pair.
[    7.229565] cloud-init[952]: Your identification has been saved in /etc/ssh/ssh_host_ecdsa_key.
[    7.230431] cloud-init[952]: Your public key has been saved in /etc/ssh/ssh_host_ecdsa_key.pub.
[    7.231433] cloud-init[952]: The key fingerprint is:
[    7.231950] cloud-init[952]: SHA256:nOq0KY4kIPUEHe8GD3OhuaPEeEniXKTOM5JjAa/tDak root@ubuntu-xenial
[    7.232802] cloud-init[952]: The key's randomart image is:
[    7.233364] cloud-init[952]: +---[ECDSA 256]---+
[    7.233880] cloud-init[952]: |. .o...          |
[    7.234396] cloud-init[952]: |..o..+ .         |
[    7.234901] cloud-init[952]: |.o+.B o          |
[    7.235414] cloud-init[952]: |=Xo= O . .       |
[    7.235929] cloud-init[952]: |OOO + + S        |
[    7.236449] cloud-init[952]: |=*o+ o .         |
[    7.240475] cloud-init[952]: |E + . o          |
[    7.241109] cloud-init[952]: | o ..o o         |
[    7.241605] cloud-init[952]: |  ....+          |
[    7.242107] cloud-init[952]: +----[SHA256]-----+
[    7.242643] cloud-init[952]: Generating public/private ed25519 key pair.
[    7.243334] cloud-init[952]: Your identification has been saved in /etc/ssh/ssh_host_ed25519_key.
[    7.244034] cloud-init[952]: Your public key has been saved in /etc/ssh/ssh_host_ed25519_key.pub.
[    7.245278] cloud-init[952]: The key fingerprint is:
[    7.245809] cloud-init[952]: SHA256:tjkUx4goNUAWzpIcelX2dr+a7BlFUMrfQvzMS3uLzfk root@ubuntu-xenial
[[0;32m  OK  [0m] Started Initial cloud-init job (metadata service crawler).
[    7.248188] cloud-init[952]: The key's randomart image is:[[0;32m  OK  [0m] Reached target Cloud-config availability.
[[0;32m  OK  [0m] Reached target System Initialization.
[[0;32m  OK  [0m] Started Daily apt download activities.

[    7.256185]          Starting LXD - unix socket.
cloud-init         Starting Socket activation for snappy daemon.
[[0;32m  OK  [0m] Started Daily apt upgrade and clean activities.
[[0;32m  OK  [0m] Started Message of the Day.
[[0;32m  OK  [0m] Listening on D-Bus System Message Bus Socket.
[[0;32m  OK  [0m] Started Daily Cleanup of Temporary Directories.
[[0;32m  OK  [0m] Reached target Timers.
[[0;32m  OK  [0m] Listening on UUID daemon activation socket.
[952]: +--[ED25519 256]--+
[    7.259616] [[0;32m  OK  [0m] Started ACPI Events Check.
[[0;32m  OK  [0m] Reached target Paths.
[[0;32m  OK  [0m] Listening on ACPID Listen Socket.
[[0;32m  OK  [0m] Reached target Network is Online.
cloud-init[952]: | o=o+.o   ...    |
[    7.261908] cloud-init[952]: |o=.o + o + +     |
[    7.262659] cloud-init[952]: |+.= . . = * +    |
[    7.263392] cloud-init[952]: | o .   . + = =   |
[    7.264140] cloud-init[952]: |        S   = *  |
[    7.264865] cloud-init[952]: |       o o . + o |
[    7.265578] cloud-init[952]: |        + . . o .|
[    7.266290] cloud-init[952]: |         o =  +.o|
[    7.267013] cloud-init[952]: |         .*  . =E|
[    7.267732] cloud-init[952]: +----[SHA256]-----+         Starting iSCSI initiator daemon (iscsid)...

[[0;32m  OK  [0m] Listening on LXD - unix socket.
[[0;32m  OK  [0m] Listening on Socket activation for snappy daemon.
[[0;32m  OK  [0m] Reached target Sockets.
[[0;32m  OK  [0m] Reached target Basic System.
         Starting Accounts Service...
         Starting /etc/rc.local Compatibility...
[[0;32m  OK  [0m] Started Deferred execution scheduler.
[[0;32m  OK  [0m] Started D-Bus System Message Bus.
[[0;32m  OK  [0m] Started Regular background program processing daemon.
         Starting System Logging Service...
[[0;32m  OK  [0m] Started ACPI event daemon.
         Starting Login Service...
         Starting Pollinate to seed the pseudo random number generator...
         Starting LSB: MD monitoring daemon...
[[0;32m  OK  [0m] Started FUSE filesystem for LXC.
         Starting Virtualbox guest utils...
         Starting LSB: Record successful boot for GRUB...
         Starting Snap Daemon...
         Starting LXD - container startup/shutdown...
[[0;32m  OK  [0m] Started /etc/rc.local Compatibility.
         Starting Authenticate and Authorize Users to Run Privileged Tasks...
[[0;32m  OK  [0m] Started iSCSI initiator daemon (iscsid).
         Starting Login to default iSCSI targets...
[[0;32m  OK  [0m] Started Login Service.
[[0;32m  OK  [0m] Started Unattended Upgrades Shutdown.
[[0;32m  OK  [0m] Started System Logging Service.
[[0;32m  OK  [0m] Started LSB: MD monitoring daemon.
[[0;32m  OK  [0m] Started LSB: Record successful boot for GRUB.
[[0;32m  OK  [0m] Started Authenticate and Authorize Users to Run Privileged Tasks.
[[0;32m  OK  [0m] Started Accounts Service.
[[0;32m  OK  [0m] Started Login to default iSCSI targets.
[[0;32m  OK  [0m] Reached target Remote File Systems (Pre).
[[0;32m  OK  [0m] Reached target Remote File Systems.
         Starting Permit User Sessions...
         Starting LSB: daemon to balance interrupts for SMP systems...
         Starting LSB: Set the CPU Frequency Scaling governor to "ondemand"...
         Starting LSB: automatic crash report generation...
[[0;32m  OK  [0m] Started Permit User Sessions.
         Starting Terminate Plymouth Boot Screen...
         Starting Hold until boot process finishes up...
[[0;32m  OK  [0m] Started Hold until boot process finishes up.
[[0;32m  OK  [0m] Started Getty on tty1.
[[0;32m  OK  [0m] Started Serial Getty on ttyS0.
[[0;32m  OK  [0m] Reached target Login Prompts.
         Starting Set console scheme...
[[0;32m  OK  [0m] Started Terminate Plymouth Boot Screen.
[[0;32m  OK  [0m] Started Set console scheme.
[[0;32m  OK  [0m] Started Virtualbox guest utils.
[[0;32m  OK  [0m] Started LSB: Set the CPU Frequency Scaling governor to "ondemand".
[[0;32m  OK  [0m] Started LSB: daemon to balance interrupts for SMP systems.
[[0;32m  OK  [0m] Started LSB: automatic crash report generation.
[[0;32m  OK  [0m] Started LXD - container startup/shutdown.
[[0;32m  OK  [0m] Started Snap Daemon.
         Starting Wait until snapd is fully seeded...
[[0;32m  OK  [0m] Started Pollinate to seed the pseudo random number generator.
         Starting OpenBSD Secure Shell server...
[[0;32m  OK  [0m] Started OpenBSD Secure Shell server.
[[0;32m  OK  [0m] Started Wait until snapd is fully seeded.
         Starting Apply the settings specified in cloud-config...
[[0;32m  OK  [0m] Reached target Multi-User System.
[[0;32m  OK  [0m] Reached target Graphical Interface.
         Starting Update UTMP about System Runlevel Changes...
[[0;32m  OK  [0m] Started Update UTMP about System Runlevel Changes.
[   12.174321] cloud-init[1297]: Generating locales (this might take a while)...
[   12.944589] cloud-init[1297]:   en_US.UTF-8... done
[   12.945181] cloud-init[1297]: Generation complete.
[   13.263087] cloud-init[1297]: Cloud-init v. 20.4.1-0ubuntu1~16.04.1 running 'modules:config' at Thu, 21 Jan 2021 01:41:06 +0000. Up 12.04 seconds.

Ubuntu 16.04.7 LTS ubuntu-xenial ttyS0

ubuntu-xenial login: ci-info: no authorized SSH keys fingerprints found for user ubuntu.
<14>Jan 21 01:41:09 ec2: 
<14>Jan 21 01:41:09 ec2: #############################################################
<14>Jan 21 01:41:09 ec2: -----BEGIN SSH HOST KEY FINGERPRINTS-----
<14>Jan 21 01:41:09 ec2: 1024 SHA256:EX74Halcbc73Wk2tN9glNib9soFRO/6PXwOh+tbK8E4 root@ubuntu-xenial (DSA)
<14>Jan 21 01:41:09 ec2: 256 SHA256:nOq0KY4kIPUEHe8GD3OhuaPEeEniXKTOM5JjAa/tDak root@ubuntu-xenial (ECDSA)
<14>Jan 21 01:41:09 ec2: 256 SHA256:tjkUx4goNUAWzpIcelX2dr+a7BlFUMrfQvzMS3uLzfk root@ubuntu-xenial (ED25519)
<14>Jan 21 01:41:09 ec2: 2048 SHA256:TMa8su3YqRKDY2My3NAdSzhjmjs1l5Jj/SF94E56AmY root@ubuntu-xenial (RSA)
<14>Jan 21 01:41:09 ec2: -----END SSH HOST KEY FINGERPRINTS-----
<14>Jan 21 01:41:09 ec2: #############################################################
-----BEGIN SSH HOST KEY KEYS-----
ecdsa-sha2-nistp256 AAAAE2VjZHNhLXNoYTItbmlzdHAyNTYAAAAIbmlzdHAyNTYAAABBBKgnybGFximIy6PIWZhJSKsemKnGFL9LKQ6q1Jxg1eH7VkA4cem1kuRom9yzzApvT/XhKYRujp1NqaUecRENg8U= root@ubuntu-xenial
ssh-ed25519 AAAAC3NzaC1lZDI1NTE5AAAAIOs3vUpixdq2Y+sVJ9ck7dzpftEM7xf//bV59dBQS1gg root@ubuntu-xenial
ssh-rsa AAAAB3NzaC1yc2EAAAADAQABAAABAQC8YECW1WeXI1cg3frh9z4m0OWLglGbRCtkMSvcmtqYtlY1xqsGsixFtaWbAt8+jdZ+YFdcBaeYWoo1tsty98B1NBR60notiYKDGMIn5GNfjpKMOMBZ+SGnmKLWrIxn0geP4+ASSeafSvYIfH6t0vBLfBLhfUSVyw4hl6HdAbujgBqE8zvRUx4sFZF1POGZOSvUJEnRjvW+WZvpMtyZfdTPKyEpiVl+Xm6/GeL/u5M1ze9AamAq1udT+39eI5qeB0tygrSTjaWt46VwLAL3SMl+U11dGXvmLg0Sdo+4hl7voSGn0fb+DHRGwRuxhamYYPUL24Xi646p+i38Z9dY9ejp root@ubuntu-xenial
-----END SSH HOST KEY KEYS-----
[   14.255457] cloud-init[1415]: Cloud-init v. 20.4.1-0ubuntu1~16.04.1 running 'modules:final' at Thu, 21 Jan 2021 01:41:08 +0000. Up 13.57 seconds.
[   14.255758] cloud-init[1415]: ci-info: no authorized SSH keys fingerprints found for user ubuntu.
[   14.256336] cloud-init[1415]: Cloud-init v. 20.4.1-0ubuntu1~16.04.1 finished at Thu, 21 Jan 2021 01:41:09 +0000. Datasource DataSourceNoCloud [seed=/dev/sdb][dsmode=net].  Up 14.24 seconds
